<?xml version="1.0" encoding="UTF-8"?>
<robot generator="Robot 5.0.1 (Python 3.10.7 on win32)" generated="20220927 15:12:14.914" rpa="false" schemaversion="3">
<suite id="s1" name="chrome" source="C:\Users\trang.hoang\PycharmProjects\gettingStarted\tests">
<suite id="s1-s1" name="Test" source="C:\Users\trang.hoang\PycharmProjects\gettingStarted\tests\test.robot">
<kw name="Start Browser" library="openBrowser" type="SETUP">
<arg>${${ENVIRONMENT}_URL}</arg>
<arg>${BROWSER}</arg>
<kw name="Open Browser" library="SeleniumLibrary">
<arg>${URL}</arg>
<arg>${BROWSER}</arg>
<doc>Opens a new browser instance to the optional ``url``.</doc>
<msg timestamp="20220927 15:12:15.255" level="INFO">Opening browser 'Chrome' to base url 'https://www.demoblaze.com/'.</msg>
<status status="PASS" starttime="20220927 15:12:15.255" endtime="20220927 15:12:18.217"/>
</kw>
<kw name="Maximize Browser Window" library="SeleniumLibrary">
<doc>Maximizes current browser window.</doc>
<status status="PASS" starttime="20220927 15:12:18.217" endtime="20220927 15:12:18.338"/>
</kw>
<kw name="Set Browser Implicit Wait" library="SeleniumLibrary">
<arg>3</arg>
<doc>Sets the implicit wait value used by Selenium.</doc>
<status status="PASS" starttime="20220927 15:12:18.339" endtime="20220927 15:12:18.340"/>
</kw>
<status status="PASS" starttime="20220927 15:12:15.254" endtime="20220927 15:12:18.341"/>
</kw>
<test id="s1-s1-t1" name="Simple Test Case" line="15">
<kw name="Log To Console" library="BuiltIn">
<arg>${ENVIRONMENT}</arg>
<doc>Logs the given message to the console.</doc>
<status status="PASS" starttime="20220927 15:12:18.345" endtime="20220927 15:12:18.346"/>
</kw>
<kw name="Generate Random Emails" library="GetRandom">
<arg>${8}</arg>
<msg timestamp="20220927 15:12:18.347" level="INFO">ihjehagj@mail.kz</msg>
<status status="PASS" starttime="20220927 15:12:18.346" endtime="20220927 15:12:18.347"/>
</kw>
<doc>Shows some assertion keywords</doc>
<tag>positive</tag>
<status status="PASS" starttime="20220927 15:12:18.342" endtime="20220927 15:12:18.348"/>
</test>
<kw name="Close All Browsers" library="SeleniumLibrary" type="TEARDOWN">
<doc>Closes all open browsers and resets the browser cache.</doc>
<status status="PASS" starttime="20220927 15:12:18.350" endtime="20220927 15:12:20.503"/>
</kw>
<doc>This .robot file is a suite

Keywords are imported from the resource file</doc>
<status status="PASS" starttime="20220927 15:12:14.930" endtime="20220927 15:12:20.503"/>
</suite>
<status status="PASS" starttime="20220927 15:12:14.914" endtime="20220927 15:12:20.513"/>
</suite>
<statistics>
<total>
<stat pass="1" fail="0" skip="0">All Tests</stat>
</total>
<tag>
<stat pass="1" fail="0" skip="0">positive</stat>
</tag>
<suite>
<stat pass="1" fail="0" skip="0" id="s1" name="chrome">chrome</stat>
<stat pass="1" fail="0" skip="0" id="s1-s1" name="Test">chrome.Test</stat>
</suite>
</statistics>
<errors>
<msg timestamp="20220927 15:12:15.246" level="ERROR">Error in file 'C:\Users\trang.hoang\PycharmProjects\gettingStarted\resources\importLib.resource' on line 7: Importing library 'Builtin' failed: ModuleNotFoundError: No module named 'Builtin'
Traceback (most recent call last):
  None
PYTHONPATH:
  C:\Python310\Scripts\robot.exe
  C:\Python310\python310.zip
  C:\Python310\DLLs
  C:\Python310\lib
  C:\Python310
  C:\Python310\lib\site-packages</msg>
</errors>
</robot>
